<?xml version="1.0" encoding="UTF-8"?>
<testng-results skipped="0" failed="0" ignored="0" total="1" passed="1">
  <reporter-output>
  </reporter-output>
  <suite name="Desktop" duration-ms="58" started-at="2020-04-21T09:56:49Z" finished-at="2020-04-21T09:56:49Z">
    <groups>
    </groups>
    <test name="Browser" duration-ms="58" started-at="2020-04-21T09:56:49Z" finished-at="2020-04-21T09:56:49Z">
      <class name="TestPackage2.NewTest">
        <test-method status="PASS" signature="testmethod()[pri:0, instance:TestPackage2.NewTest@dd7d60e7]" name="testmethod" duration-ms="17" started-at="2020-04-21T09:56:49Z" finished-at="2020-04-21T09:56:49Z">
          <reporter-output>
          </reporter-output>
        </test-method> <!-- testmethod -->
      </class> <!-- TestPackage2.NewTest -->
    </test> <!-- Browser -->
  </suite> <!-- Desktop -->
</testng-results>
